[INFO] Scanning for projects...
[INFO] 
[INFO] ------------------< org.apache.commons:commons-pool2 >------------------
[INFO] Building Apache Commons Pool 2.11.1
[INFO] --------------------------------[ jar ]---------------------------------
[INFO] 
[INFO] --- maven-clean-plugin:3.1.0:clean (default-clean) @ commons-pool2 ---
[INFO] Deleting /home/ali/Documents/AlphaTrans/java_projects/commons-pool/target
[INFO] 
[INFO] --- maven-enforcer-plugin:3.0.0-M3:enforce (enforce-maven-version) @ commons-pool2 ---
[INFO] 
[INFO] --- maven-enforcer-plugin:3.0.0-M3:enforce (enforce-maven-3) @ commons-pool2 ---
[INFO] 
[INFO] --- apache-rat-plugin:0.13:check (rat-check) @ commons-pool2 ---
[INFO] Enabled default license matchers.
[INFO] Will parse SCM ignores for exclusions...
[INFO] Parsing exclusions from /home/ali/Documents/AlphaTrans/java_projects/commons-pool/.gitignore
[INFO] Finished adding exclusions from SCM ignore files.
[INFO] 69 implicit excludes (use -debug for more details).
[INFO] 14 explicit excludes (use -debug for more details).
[INFO] 131 resources included (use -debug for more details)
[INFO] Rat check: Summary over all files. Unapproved: 0, unknown: 0, generated: 0, approved: 127 licenses.
[INFO] 
[INFO] --- build-helper-maven-plugin:3.2.0:parse-version (parse-version) @ commons-pool2 ---
[INFO] 
[INFO] --- maven-antrun-plugin:1.8:run (javadoc.resources) @ commons-pool2 ---
[INFO] Executing tasks

main:
     [copy] Copying 2 files to /home/ali/Documents/AlphaTrans/java_projects/commons-pool/target/apidocs/META-INF
[INFO] Executed tasks
[INFO] 
[INFO] --- maven-remote-resources-plugin:1.7.0:process (process-resource-bundles) @ commons-pool2 ---
[INFO] Skipping remote resources execution.
[INFO] 
[INFO] --- buildnumber-maven-plugin:1.4:create (default) @ commons-pool2 ---
[INFO] Executing: /bin/sh -c cd '/home/ali/Documents/AlphaTrans/java_projects/commons-pool' && 'git' 'rev-parse' '--verify' 'HEAD'
[INFO] Working directory: /home/ali/Documents/AlphaTrans/java_projects/commons-pool
[INFO] Storing buildNumber: abb1a0797b406566f0214c688871ab7e8fdc2601 at timestamp: 1705627443148
[INFO] Storing buildScmBranch: master
[INFO] 
[INFO] --- maven-resources-plugin:3.1.0:resources (default-resources) @ commons-pool2 ---
[INFO] Using 'UTF-8' encoding to copy filtered resources.
[INFO] skip non existing resourceDirectory /home/ali/Documents/AlphaTrans/java_projects/commons-pool/src/main/resources
[INFO] Copying 2 resources to META-INF
[INFO] 
[INFO] --- maven-compiler-plugin:3.8.1:compile (default-compile) @ commons-pool2 ---
[INFO] Changes detected - recompiling the module!
[INFO] Compiling 49 source files to /home/ali/Documents/AlphaTrans/java_projects/commons-pool/target/classes
[INFO] /home/ali/Documents/AlphaTrans/java_projects/commons-pool/src/main/java/org/apache/commons/pool2/impl/DefaultPooledObject.java: Some input files use or override a deprecated API.
[INFO] /home/ali/Documents/AlphaTrans/java_projects/commons-pool/src/main/java/org/apache/commons/pool2/impl/DefaultPooledObject.java: Recompile with -Xlint:deprecation for details.
[INFO] /home/ali/Documents/AlphaTrans/java_projects/commons-pool/src/main/java/org/apache/commons/pool2/impl/CallStackUtils.java: Some input files use or override a deprecated API that is marked for removal.
[INFO] /home/ali/Documents/AlphaTrans/java_projects/commons-pool/src/main/java/org/apache/commons/pool2/impl/CallStackUtils.java: Recompile with -Xlint:removal for details.
[INFO] 
[INFO] --- maven-bundle-plugin:5.1.2:manifest (bundle-manifest) @ commons-pool2 ---
[INFO] 
[INFO] --- maven-resources-plugin:3.1.0:testResources (default-testResources) @ commons-pool2 ---
[INFO] Using 'UTF-8' encoding to copy filtered resources.
[INFO] Copying 2 resources
[INFO] Copying 2 resources to META-INF
[INFO] 
[INFO] --- maven-compiler-plugin:3.8.1:testCompile (default-testCompile) @ commons-pool2 ---
[INFO] Changes detected - recompiling the module!
[INFO] Compiling 45 source files to /home/ali/Documents/AlphaTrans/java_projects/commons-pool/target/test-classes
[INFO] /home/ali/Documents/AlphaTrans/java_projects/commons-pool/src/test/java/org/apache/commons/pool2/impl/TestAbandonedObjectPool.java: Some input files use or override a deprecated API.
[INFO] /home/ali/Documents/AlphaTrans/java_projects/commons-pool/src/test/java/org/apache/commons/pool2/impl/TestAbandonedObjectPool.java: Recompile with -Xlint:deprecation for details.
[INFO] /home/ali/Documents/AlphaTrans/java_projects/commons-pool/src/test/java/org/apache/commons/pool2/TestPoolUtils.java: /home/ali/Documents/AlphaTrans/java_projects/commons-pool/src/test/java/org/apache/commons/pool2/TestPoolUtils.java uses unchecked or unsafe operations.
[INFO] /home/ali/Documents/AlphaTrans/java_projects/commons-pool/src/test/java/org/apache/commons/pool2/TestPoolUtils.java: Recompile with -Xlint:unchecked for details.
[INFO] 
[INFO] --- animal-sniffer-maven-plugin:1.20:check (checkAPIcompatibility) @ commons-pool2 ---
[INFO] Checking unresolved references to org.codehaus.mojo.signature:java18:1.0
[INFO] 
[INFO] --- maven-surefire-plugin:3.0.0-M5:test (default-test) @ commons-pool2 ---
[INFO] 
[INFO] -------------------------------------------------------
[INFO]  T E S T S
[INFO] -------------------------------------------------------
[ERROR] Java HotSpot(TM) 64-Bit Server VM warning: Ignoring option --illegal-access=permit; support was removed in 17.0
[INFO] Running org.apache.commons.pool2.TestPoolUtils
[INFO] Tests run: 19, Failures: 0, Errors: 0, Skipped: 0, Time elapsed: 35.477 s - in org.apache.commons.pool2.TestPoolUtils
[INFO] Running org.apache.commons.pool2.TestBaseKeyedPoolableObjectFactory
[INFO] Tests run: 1, Failures: 0, Errors: 0, Skipped: 0, Time elapsed: 0.003 s - in org.apache.commons.pool2.TestBaseKeyedPoolableObjectFactory
[INFO] Running org.apache.commons.pool2.TestTrackedUse
[INFO] Tests run: 1, Failures: 0, Errors: 0, Skipped: 0, Time elapsed: 0.002 s - in org.apache.commons.pool2.TestTrackedUse
[INFO] Running org.apache.commons.pool2.TestBaseObjectPool
[INFO] Tests run: 17, Failures: 0, Errors: 0, Skipped: 0, Time elapsed: 0.015 s - in org.apache.commons.pool2.TestBaseObjectPool
[INFO] Running org.apache.commons.pool2.TestBasePoolableObjectFactory
[INFO] Tests run: 2, Failures: 0, Errors: 0, Skipped: 0, Time elapsed: 0.001 s - in org.apache.commons.pool2.TestBasePoolableObjectFactory
[INFO] Running org.apache.commons.pool2.proxy.TestProxiedKeyedObjectPoolWithJdkProxy
[INFO] Tests run: 6, Failures: 0, Errors: 0, Skipped: 0, Time elapsed: 5.038 s - in org.apache.commons.pool2.proxy.TestProxiedKeyedObjectPoolWithJdkProxy
[INFO] Running org.apache.commons.pool2.proxy.TestProxiedKeyedObjectPoolWithCglibProxy
[INFO] Tests run: 6, Failures: 0, Errors: 0, Skipped: 0, Time elapsed: 5.063 s - in org.apache.commons.pool2.proxy.TestProxiedKeyedObjectPoolWithCglibProxy
[INFO] Running org.apache.commons.pool2.proxy.TestProxiedObjectPoolWithJdkProxy
[INFO] Tests run: 6, Failures: 0, Errors: 0, Skipped: 0, Time elapsed: 5.022 s - in org.apache.commons.pool2.proxy.TestProxiedObjectPoolWithJdkProxy
[INFO] Running org.apache.commons.pool2.proxy.TestProxiedObjectPoolWithCglibProxy
[INFO] Tests run: 6, Failures: 0, Errors: 0, Skipped: 0, Time elapsed: 5.024 s - in org.apache.commons.pool2.proxy.TestProxiedObjectPoolWithCglibProxy
[INFO] Running org.apache.commons.pool2.impl.TestPooledSoftReference
[INFO] Tests run: 2, Failures: 0, Errors: 0, Skipped: 0, Time elapsed: 0.004 s - in org.apache.commons.pool2.impl.TestPooledSoftReference
[INFO] Running org.apache.commons.pool2.impl.TestAbandonedObjectPool
[INFO] Tests run: 6, Failures: 0, Errors: 0, Skipped: 0, Time elapsed: 10.91 s - in org.apache.commons.pool2.impl.TestAbandonedObjectPool
[INFO] Running org.apache.commons.pool2.impl.TestPoolImplUtils
[INFO] Tests run: 6, Failures: 0, Errors: 0, Skipped: 0, Time elapsed: 0.007 s - in org.apache.commons.pool2.impl.TestPoolImplUtils
[INFO] Running org.apache.commons.pool2.impl.TestEvictionConfig
[INFO] Tests run: 3, Failures: 0, Errors: 0, Skipped: 0, Time elapsed: 0.002 s - in org.apache.commons.pool2.impl.TestEvictionConfig
[INFO] Running org.apache.commons.pool2.impl.TestAbandonedKeyedObjectPool
[INFO] Tests run: 6, Failures: 0, Errors: 0, Skipped: 0, Time elapsed: 10.891 s - in org.apache.commons.pool2.impl.TestAbandonedKeyedObjectPool
[INFO] Running org.apache.commons.pool2.impl.TestDefaultPooledObjectInfo
[INFO] Tests run: 4, Failures: 0, Errors: 0, Skipped: 0, Time elapsed: 0.314 s - in org.apache.commons.pool2.impl.TestDefaultPooledObjectInfo
[INFO] Running org.apache.commons.pool2.impl.TestGenericObjectPool
