[INFO] Scanning for projects...
[INFO] 
[INFO] ----------------< commons-validator:commons-validator >-----------------
[INFO] Building Apache Commons Validator 1.7
[INFO] --------------------------------[ jar ]---------------------------------
[INFO] 
[INFO] --- maven-clean-plugin:3.1.0:clean (default-clean) @ commons-validator ---
[INFO] Deleting /home/ali/Documents/AlphaTrans/java_projects/commons-validator/target
[INFO] 
[INFO] --- maven-enforcer-plugin:3.0.0-M3:enforce (enforce-maven-version) @ commons-validator ---
[INFO] 
[INFO] --- maven-enforcer-plugin:3.0.0-M3:enforce (enforce-maven-3) @ commons-validator ---
[INFO] 
[INFO] --- apache-rat-plugin:0.13:check (rat-check) @ commons-validator ---
[INFO] Enabled default license matchers.
[INFO] Will parse SCM ignores for exclusions...
[INFO] Parsing exclusions from /home/ali/Documents/AlphaTrans/java_projects/commons-validator/.gitignore
[INFO] Finished adding exclusions from SCM ignore files.
[INFO] 68 implicit excludes (use -debug for more details).
[INFO] 9 explicit excludes (use -debug for more details).
[INFO] 210 resources included (use -debug for more details)
[INFO] Rat check: Summary over all files. Unapproved: 0, unknown: 0, generated: 0, approved: 205 licenses.
[INFO] 
[INFO] --- build-helper-maven-plugin:3.1.0:parse-version (parse-version) @ commons-validator ---
[INFO] 
[INFO] --- maven-antrun-plugin:3.0.0:run (javadoc.resources) @ commons-validator ---
[INFO] Executing tasks
[INFO]      [copy] Copying 2 files to /home/ali/Documents/AlphaTrans/java_projects/commons-validator/target/apidocs/META-INF
[INFO] Executed tasks
[INFO] 
[INFO] --- maven-remote-resources-plugin:1.7.0:process (process-resource-bundles) @ commons-validator ---
[INFO] Skipping remote resources execution.
[INFO] 
[INFO] --- buildnumber-maven-plugin:1.4:create (default) @ commons-validator ---
[INFO] Executing: /bin/sh -c cd '/home/ali/Documents/AlphaTrans/java_projects/commons-validator' && 'git' 'rev-parse' '--verify' 'HEAD'
[INFO] Working directory: /home/ali/Documents/AlphaTrans/java_projects/commons-validator
[INFO] Storing buildNumber: f9bb21748a9f9c50fbc31862de25ed49433ecc88 at timestamp: 1705627277307
[INFO] Storing buildScmBranch: master
[INFO] 
[INFO] --- maven-resources-plugin:3.1.0:resources (default-resources) @ commons-validator ---
[INFO] Using 'UTF-8' encoding to copy filtered resources.
[INFO] Copying 2 resources to META-INF
[INFO] Copying 8 resources
[INFO] 
[INFO] --- maven-compiler-plugin:3.8.1:compile (default-compile) @ commons-validator ---
[INFO] Changes detected - recompiling the module!
[INFO] Compiling 64 source files to /home/ali/Documents/AlphaTrans/java_projects/commons-validator/target/classes
[INFO] /home/ali/Documents/AlphaTrans/java_projects/commons-validator/src/main/java/org/apache/commons/validator/Field.java: Some input files use or override a deprecated API.
[INFO] /home/ali/Documents/AlphaTrans/java_projects/commons-validator/src/main/java/org/apache/commons/validator/Field.java: Recompile with -Xlint:deprecation for details.
[INFO] 
[INFO] --- maven-bundle-plugin:4.2.1:manifest (bundle-manifest) @ commons-validator ---
[INFO] 
[INFO] --- animal-sniffer-maven-plugin:1.18:check (checkAPIcompatibility) @ commons-validator ---
[INFO] Checking unresolved references to org.codehaus.mojo.signature:java17:1.0
[INFO] 
[INFO] --- maven-resources-plugin:3.1.0:testResources (default-testResources) @ commons-validator ---
[INFO] Using 'UTF-8' encoding to copy filtered resources.
[INFO] Copying 19 resources
[INFO] Copying 2 resources to META-INF
[INFO] 
[INFO] --- maven-compiler-plugin:3.8.1:testCompile (default-testCompile) @ commons-validator ---
[INFO] Changes detected - recompiling the module!
[INFO] Compiling 84 source files to /home/ali/Documents/AlphaTrans/java_projects/commons-validator/target/test-classes
[INFO] 
[INFO] --- maven-surefire-plugin:2.22.2:test (default-test) @ commons-validator ---
[INFO] 
[INFO] -------------------------------------------------------
[INFO]  T E S T S
[INFO] -------------------------------------------------------
[INFO] Running org.apache.commons.validator.ValidatorResultsTest
[INFO] Tests run: 2, Failures: 0, Errors: 0, Skipped: 0, Time elapsed: 0.122 s - in org.apache.commons.validator.ValidatorResultsTest
[INFO] Running org.apache.commons.validator.RetrieveFormTest
Jan 18, 2024 7:21:20 PM org.apache.commons.validator.ValidatorResources getForm
WARNING: Form 'INVALID_NAME' not found for locale 'en_US'
Jan 18, 2024 7:21:20 PM org.apache.commons.validator.ValidatorResources getForm
WARNING: Form 'INVALID_NAME' not found for locale 'fr'
Jan 18, 2024 7:21:20 PM org.apache.commons.validator.ValidatorResources getForm
WARNING: Form 'INVALID_NAME' not found for locale 'fr_FR'
Jan 18, 2024 7:21:20 PM org.apache.commons.validator.ValidatorResources getForm
WARNING: Form 'INVALID_NAME' not found for locale 'en_CA'
Jan 18, 2024 7:21:20 PM org.apache.commons.validator.ValidatorResources getForm
WARNING: Form 'INVALID_NAME' not found for locale 'fr_CA'
Jan 18, 2024 7:21:20 PM org.apache.commons.validator.ValidatorResources getForm
WARNING: Form 'INVALID_NAME' not found for locale 'fr_CA_XXX'
[INFO] Tests run: 5, Failures: 0, Errors: 0, Skipped: 0, Time elapsed: 0.042 s - in org.apache.commons.validator.RetrieveFormTest
[INFO] Running org.apache.commons.validator.EntityImportTest
[INFO] Tests run: 2, Failures: 0, Errors: 0, Skipped: 0, Time elapsed: 0.009 s - in org.apache.commons.validator.EntityImportTest
[INFO] Running org.apache.commons.validator.ValidatorResourcesTest
[INFO] Tests run: 1, Failures: 0, Errors: 0, Skipped: 0, Time elapsed: 0.004 s - in org.apache.commons.validator.ValidatorResourcesTest
[INFO] Running org.apache.commons.validator.MultipleConfigFilesTest
[INFO] Tests run: 5, Failures: 0, Errors: 0, Skipped: 0, Time elapsed: 0.041 s - in org.apache.commons.validator.MultipleConfigFilesTest
[INFO] Running org.apache.commons.validator.DoubleTest
[INFO] Tests run: 6, Failures: 0, Errors: 0, Skipped: 0, Time elapsed: 0.032 s - in org.apache.commons.validator.DoubleTest
[INFO] Running org.apache.commons.validator.LocaleTest
[INFO] Tests run: 5, Failures: 0, Errors: 0, Skipped: 0, Time elapsed: 0.019 s - in org.apache.commons.validator.LocaleTest
[INFO] Running org.apache.commons.validator.routines.ISSNValidatorTest
[INFO] Tests run: 9, Failures: 0, Errors: 0, Skipped: 0, Time elapsed: 0.003 s - in org.apache.commons.validator.routines.ISSNValidatorTest
[INFO] Running org.apache.commons.validator.routines.IBANValidatorTest
[INFO] Tests run: 12, Failures: 0, Errors: 0, Skipped: 0, Time elapsed: 0.018 s - in org.apache.commons.validator.routines.IBANValidatorTest
[INFO] Running org.apache.commons.validator.routines.BigIntegerValidatorTest
[INFO] Tests run: 12, Failures: 0, Errors: 0, Skipped: 0, Time elapsed: 0.012 s - in org.apache.commons.validator.routines.BigIntegerValidatorTest
[INFO] Running org.apache.commons.validator.routines.CreditCardValidatorTest
[INFO] Tests run: 20, Failures: 0, Errors: 0, Skipped: 0, Time elapsed: 0.054 s - in org.apache.commons.validator.routines.CreditCardValidatorTest
[INFO] Running org.apache.commons.validator.routines.CodeValidatorTest
[INFO] Tests run: 7, Failures: 0, Errors: 0, Skipped: 0, Time elapsed: 0.002 s - in org.apache.commons.validator.routines.CodeValidatorTest
[INFO] Running org.apache.commons.validator.routines.ISINValidatorTest
[INFO] Tests run: 4, Failures: 0, Errors: 0, Skipped: 0, Time elapsed: 0.005 s - in org.apache.commons.validator.routines.ISINValidatorTest
[INFO] Running org.apache.commons.validator.routines.checkdigit.LuhnCheckDigitTest
[INFO] Tests run: 7, Failures: 0, Errors: 0, Skipped: 0, Time elapsed: 0.008 s - in org.apache.commons.validator.routines.checkdigit.LuhnCheckDigitTest
[INFO] Running org.apache.commons.validator.routines.checkdigit.SedolCheckDigitTest
[INFO] Tests run: 8, Failures: 0, Errors: 0, Skipped: 0, Time elapsed: 0.004 s - in org.apache.commons.validator.routines.checkdigit.SedolCheckDigitTest
[INFO] Running org.apache.commons.validator.routines.checkdigit.ModulusTenABACheckDigitTest
[INFO] Tests run: 7, Failures: 0, Errors: 0, Skipped: 0, Time elapsed: 0.013 s - in org.apache.commons.validator.routines.checkdigit.ModulusTenABACheckDigitTest
[INFO] Running org.apache.commons.validator.routines.checkdigit.VerhoeffCheckDigitTest
[INFO] Tests run: 7, Failures: 0, Errors: 0, Skipped: 0, Time elapsed: 0 s - in org.apache.commons.validator.routines.checkdigit.VerhoeffCheckDigitTest
[INFO] Running org.apache.commons.validator.routines.checkdigit.ISINCheckDigitTest
[INFO] Tests run: 8, Failures: 0, Errors: 0, Skipped: 0, Time elapsed: 0.007 s - in org.apache.commons.validator.routines.checkdigit.ISINCheckDigitTest
[INFO] Running org.apache.commons.validator.routines.checkdigit.ModulusTenLuhnCheckDigitTest
[INFO] Tests run: 7, Failures: 0, Errors: 0, Skipped: 0, Time elapsed: 0.001 s - in org.apache.commons.validator.routines.checkdigit.ModulusTenLuhnCheckDigitTest
[INFO] Running org.apache.commons.validator.routines.checkdigit.ModulusTenSedolCheckDigitTest
[INFO] Tests run: 8, Failures: 0, Errors: 0, Skipped: 0, Time elapsed: 0.002 s - in org.apache.commons.validator.routines.checkdigit.ModulusTenSedolCheckDigitTest
[INFO] Running org.apache.commons.validator.routines.checkdigit.ModulusTenEAN13CheckDigitTest
[INFO] Tests run: 7, Failures: 0, Errors: 0, Skipped: 0, Time elapsed: 0 s - in org.apache.commons.validator.routines.checkdigit.ModulusTenEAN13CheckDigitTest
[INFO] Running org.apache.commons.validator.routines.checkdigit.ABANumberCheckDigitTest
[INFO] Tests run: 7, Failures: 0, Errors: 0, Skipped: 0, Time elapsed: 0.003 s - in org.apache.commons.validator.routines.checkdigit.ABANumberCheckDigitTest
[INFO] Running org.apache.commons.validator.routines.checkdigit.CUSIPCheckDigitTest
[INFO] Tests run: 9, Failures: 0, Errors: 0, Skipped: 0, Time elapsed: 0.004 s - in org.apache.commons.validator.routines.checkdigit.CUSIPCheckDigitTest
[INFO] Running org.apache.commons.validator.routines.checkdigit.ModulusTenCUSIPCheckDigitTest
[INFO] Tests run: 9, Failures: 0, Errors: 0, Skipped: 0, Time elapsed: 0 s - in org.apache.commons.validator.routines.checkdigit.ModulusTenCUSIPCheckDigitTest
[INFO] Running org.apache.commons.validator.routines.checkdigit.IBANCheckDigitTest
[INFO] Tests run: 8, Failures: 0, Errors: 0, Skipped: 0, Time elapsed: 0.022 s - in org.apache.commons.validator.routines.checkdigit.IBANCheckDigitTest
[INFO] Running org.apache.commons.validator.routines.checkdigit.ISBNCheckDigitTest
[INFO] Tests run: 8, Failures: 0, Errors: 0, Skipped: 0, Time elapsed: 0.004 s - in org.apache.commons.validator.routines.checkdigit.ISBNCheckDigitTest
[INFO] Running org.apache.commons.validator.routines.checkdigit.EAN13CheckDigitTest
[INFO] Tests run: 7, Failures: 0, Errors: 0, Skipped: 0, Time elapsed: 0.002 s - in org.apache.commons.validator.routines.checkdigit.EAN13CheckDigitTest
[INFO] Running org.apache.commons.validator.routines.checkdigit.ISBN10CheckDigitTest
[INFO] Tests run: 7, Failures: 0, Errors: 0, Skipped: 0, Time elapsed: 0.002 s - in org.apache.commons.validator.routines.checkdigit.ISBN10CheckDigitTest
[INFO] Running org.apache.commons.validator.routines.checkdigit.ISSNCheckDigitTest
[INFO] Tests run: 7, Failures: 0, Errors: 0, Skipped: 0, Time elapsed: 0.007 s - in org.apache.commons.validator.routines.checkdigit.ISSNCheckDigitTest
[INFO] Running org.apache.commons.validator.routines.CurrencyValidatorTest
[INFO] Tests run: 6, Failures: 0, Errors: 0, Skipped: 0, Time elapsed: 0.013 s - in org.apache.commons.validator.routines.CurrencyValidatorTest
[INFO] Running org.apache.commons.validator.routines.ISBNValidatorTest
[INFO] Tests run: 12, Failures: 0, Errors: 0, Skipped: 0, Time elapsed: 0.002 s - in org.apache.commons.validator.routines.ISBNValidatorTest
[INFO] Running org.apache.commons.validator.routines.RegexValidatorTest
[INFO] Tests run: 7, Failures: 0, Errors: 0, Skipped: 0, Time elapsed: 0.002 s - in org.apache.commons.validator.routines.RegexValidatorTest
[INFO] Running org.apache.commons.validator.routines.LongValidatorTest
[INFO] Tests run: 12, Failures: 0, Errors: 0, Skipped: 0, Time elapsed: 0.008 s - in org.apache.commons.validator.routines.LongValidatorTest
[INFO] Running org.apache.commons.validator.routines.UrlValidatorTest
[INFO] Tests run: 33, Failures: 0, Errors: 0, Skipped: 0, Time elapsed: 0.422 s - in org.apache.commons.validator.routines.UrlValidatorTest
[INFO] Running org.apache.commons.validator.routines.DomainValidatorStartupTest
[INFO] Tests run: 21, Failures: 0, Errors: 0, Skipped: 0, Time elapsed: 0.096 s - in org.apache.commons.validator.routines.DomainValidatorStartupTest
[INFO] Running org.apache.commons.validator.routines.IntegerValidatorTest
[INFO] Tests run: 13, Failures: 0, Errors: 0, Skipped: 0, Time elapsed: 0.003 s - in org.apache.commons.validator.routines.IntegerValidatorTest
[INFO] Running org.apache.commons.validator.routines.ShortValidatorTest
[INFO] Tests run: 12, Failures: 0, Errors: 0, Skipped: 0, Time elapsed: 0.001 s - in org.apache.commons.validator.routines.ShortValidatorTest
[INFO] Running org.apache.commons.validator.routines.ByteValidatorTest
[INFO] Tests run: 12, Failures: 0, Errors: 0, Skipped: 0, Time elapsed: 0.001 s - in org.apache.commons.validator.routines.ByteValidatorTest
[INFO] Running org.apache.commons.validator.routines.DateValidatorTest
[INFO] Tests run: 9, Failures: 0, Errors: 0, Skipped: 0, Time elapsed: 0.023 s - in org.apache.commons.validator.routines.DateValidatorTest
[INFO] Running org.apache.commons.validator.routines.PercentValidatorTest
[INFO] Tests run: 3, Failures: 0, Errors: 0, Skipped: 0, Time elapsed: 0 s - in org.apache.commons.validator.routines.PercentValidatorTest
[INFO] Running org.apache.commons.validator.routines.CalendarValidatorTest
[INFO] Tests run: 10, Failures: 0, Errors: 0, Skipped: 0, Time elapsed: 0.007 s - in org.apache.commons.validator.routines.CalendarValidatorTest
[INFO] Running org.apache.commons.validator.routines.EmailValidatorTest
[WARNING] Tests run: 25, Failures: 0, Errors: 0, Skipped: 1, Time elapsed: 0.007 s - in org.apache.commons.validator.routines.EmailValidatorTest
[INFO] Running org.apache.commons.validator.routines.DoubleValidatorTest
[INFO] Tests run: 12, Failures: 0, Errors: 0, Skipped: 0, Time elapsed: 0.003 s - in org.apache.commons.validator.routines.DoubleValidatorTest
[INFO] Running org.apache.commons.validator.routines.InetAddressValidatorTest
[INFO] Tests run: 8, Failures: 0, Errors: 0, Skipped: 0, Time elapsed: 0.001 s - in org.apache.commons.validator.routines.InetAddressValidatorTest
[INFO] Running org.apache.commons.validator.routines.TimeValidatorTest
[INFO] Tests run: 7, Failures: 0, Errors: 0, Skipped: 0, Time elapsed: 0.002 s - in org.apache.commons.validator.routines.TimeValidatorTest
[INFO] Running org.apache.commons.validator.routines.BigDecimalValidatorTest
[INFO] Tests run: 12, Failures: 0, Errors: 0, Skipped: 0, Time elapsed: 0.003 s - in org.apache.commons.validator.routines.BigDecimalValidatorTest
[INFO] Running org.apache.commons.validator.routines.DomainValidatorTest
>>DomainValidatorTest.testIsIDNtoASCIIBroken()
IDN.toASCII is OK
java.version=17.0.6
java.vendor=Oracle Corporation
java.vm.specification.version=17
java.vm.specification.vendor=Oracle Corporation
java.vm.specification.name=Java Virtual Machine Specification
java.vm.version=17.0.6+9-LTS-190
java.vm.vendor=Oracle Corporation
java.vm.name=Java HotSpot(TM) 64-Bit Server VM
java.specification.version=17
java.specification.vendor=Oracle Corporation
java.specification.name=Java Platform API Specification
java.class.version=61.0
<<DomainValidatorTest.testIsIDNtoASCIIBroken()
[INFO] Tests run: 19, Failures: 0, Errors: 0, Skipped: 0, Time elapsed: 0.004 s - in org.apache.commons.validator.routines.DomainValidatorTest
[INFO] Running org.apache.commons.validator.routines.FloatValidatorTest
[INFO] Tests run: 13, Failures: 0, Errors: 0, Skipped: 0, Time elapsed: 0.003 s - in org.apache.commons.validator.routines.FloatValidatorTest
[INFO] Running org.apache.commons.validator.UrlTest
[INFO] Tests run: 5, Failures: 0, Errors: 0, Skipped: 0, Time elapsed: 0.163 s - in org.apache.commons.validator.UrlTest
[INFO] Running org.apache.commons.validator.ValidatorTest
ValidatorTest.formatDate() - Unparseable date: "2/30/1999"
[INFO] Tests run: 4, Failures: 0, Errors: 0, Skipped: 0, Time elapsed: 0.003 s - in org.apache.commons.validator.ValidatorTest
[INFO] Running org.apache.commons.validator.CreditCardValidatorTest
[INFO] Tests run: 2, Failures: 0, Errors: 0, Skipped: 0, Time elapsed: 0.001 s - in org.apache.commons.validator.CreditCardValidatorTest
[INFO] Running org.apache.commons.validator.EmailTest
[INFO] Tests run: 11, Failures: 0, Errors: 0, Skipped: 0, Time elapsed: 0.03 s - in org.apache.commons.validator.EmailTest
[INFO] Running org.apache.commons.validator.VarTest
[INFO] Tests run: 1, Failures: 0, Errors: 0, Skipped: 0, Time elapsed: 0.003 s - in org.apache.commons.validator.VarTest
[INFO] Running org.apache.commons.validator.ParameterTest
[INFO] Tests run: 1, Failures: 0, Errors: 0, Skipped: 0, Time elapsed: 0.003 s - in org.apache.commons.validator.ParameterTest
[INFO] Running org.apache.commons.validator.ISBNValidatorTest
[INFO] Tests run: 1, Failures: 0, Errors: 0, Skipped: 0, Time elapsed: 0 s - in org.apache.commons.validator.ISBNValidatorTest
[INFO] Running org.apache.commons.validator.RequiredNameTest
[INFO] Tests run: 6, Failures: 0, Errors: 0, Skipped: 0, Time elapsed: 0.016 s - in org.apache.commons.validator.RequiredNameTest
[INFO] Running org.apache.commons.validator.DateTest
[INFO] Tests run: 2, Failures: 0, Errors: 0, Skipped: 0, Time elapsed: 0.006 s - in org.apache.commons.validator.DateTest
[INFO] Running org.apache.commons.validator.ExtensionTest
[INFO] Tests run: 8, Failures: 0, Errors: 0, Skipped: 0, Time elapsed: 0.019 s - in org.apache.commons.validator.ExtensionTest
[INFO] Running org.apache.commons.validator.MultipleTest
[INFO] Tests run: 8, Failures: 0, Errors: 0, Skipped: 0, Time elapsed: 0.019 s - in org.apache.commons.validator.MultipleTest
[INFO] Running org.apache.commons.validator.ShortTest
[INFO] Tests run: 6, Failures: 0, Errors: 0, Skipped: 0, Time elapsed: 0.013 s - in org.apache.commons.validator.ShortTest
[INFO] Running org.apache.commons.validator.RequiredIfTest
[INFO] Tests run: 5, Failures: 0, Errors: 0, Skipped: 0, Time elapsed: 0.011 s - in org.apache.commons.validator.RequiredIfTest
[INFO] Running org.apache.commons.validator.ExceptionTest
[INFO] Tests run: 1, Failures: 0, Errors: 0, Skipped: 0, Time elapsed: 0.002 s - in org.apache.commons.validator.ExceptionTest
[INFO] Running org.apache.commons.validator.ByteTest
[INFO] Tests run: 8, Failures: 0, Errors: 0, Skipped: 0, Time elapsed: 0.017 s - in org.apache.commons.validator.ByteTest
[INFO] Running org.apache.commons.validator.GenericValidatorTest
[INFO] Tests run: 2, Failures: 0, Errors: 0, Skipped: 0, Time elapsed: 0 s - in org.apache.commons.validator.GenericValidatorTest
[INFO] Running org.apache.commons.validator.GenericTypeValidatorTest
[INFO] Tests run: 3, Failures: 0, Errors: 0, Skipped: 0, Time elapsed: 0.012 s - in org.apache.commons.validator.GenericTypeValidatorTest
[INFO] Running org.apache.commons.validator.LongTest
[INFO] Tests run: 8, Failures: 0, Errors: 0, Skipped: 0, Time elapsed: 0.018 s - in org.apache.commons.validator.LongTest
[INFO] Running org.apache.commons.validator.FieldTest
[INFO] Tests run: 9, Failures: 0, Errors: 0, Skipped: 0, Time elapsed: 0 s - in org.apache.commons.validator.FieldTest
[INFO] Running org.apache.commons.validator.util.FlagsTest
[INFO] Tests run: 13, Failures: 0, Errors: 0, Skipped: 0, Time elapsed: 0 s - in org.apache.commons.validator.util.FlagsTest
[INFO] Running org.apache.commons.validator.IntegerTest
[INFO] Tests run: 8, Failures: 0, Errors: 0, Skipped: 0, Time elapsed: 0.017 s - in org.apache.commons.validator.IntegerTest
[INFO] Running org.apache.commons.validator.FloatTest
[INFO] Tests run: 6, Failures: 0, Errors: 0, Skipped: 0, Time elapsed: 0.013 s - in org.apache.commons.validator.FloatTest
[INFO] Running org.apache.commons.validator.CustomValidatorResourcesTest
[INFO] Tests run: 1, Failures: 0, Errors: 0, Skipped: 0, Time elapsed: 0 s - in org.apache.commons.validator.CustomValidatorResourcesTest
[INFO] 
[INFO] Results:
[INFO] 
[WARNING] Tests run: 576, Failures: 0, Errors: 0, Skipped: 1
[INFO] 
[INFO] ------------------------------------------------------------------------
[INFO] BUILD SUCCESS
[INFO] ------------------------------------------------------------------------
[INFO] Total time:  6.128 s
[INFO] Finished at: 2024-01-18T19:21:22-06:00
[INFO] ------------------------------------------------------------------------
